-------------------------------------------------------------------------------
Test set: LionParametrizedTest
-------------------------------------------------------------------------------
Tests run: 2, Failures: 1, Errors: 0, Skipped: 0, Time elapsed: 0.029 s <<< FAILURE! - in LionParametrizedTest
doesHaveNameTest[1](LionParametrizedTest)  Time elapsed: 0.012 s  <<< FAILURE!
java.lang.AssertionError: expected:<false> but was:<true>
	at LionParametrizedTest.doesHaveNameTest(LionParametrizedTest.java:34)

